#
# There is insufficient memory for the Java Runtime Environment to continue.
# Native memory allocation (mmap) failed to map 173015040 bytes for committing reserved memory.
# Possible reasons:
#   The system is out of physical RAM or swap space
#   In 32 bit mode, the process size limit was hit
# Possible solutions:
#   Reduce memory load on the system
#   Increase physical memory or swap space
#   Check if swap backing store is full
#   Use 64 bit Java on a 64 bit OS
#   Decrease Java heap size (-Xmx/-Xms)
#   Decrease number of Java threads
#   Decrease Java thread stack sizes (-Xss)
#   Set larger code cache with -XX:ReservedCodeCacheSize=
# This output file may be truncated or incomplete.
#
#  Out of Memory Error (os_linux.cpp:2627), pid=9800, tid=139959532857088
#
# JRE version: Java(TM) SE Runtime Environment (8.0_77-b03) (build 1.8.0_77-b03)
# Java VM: Java HotSpot(TM) 64-Bit Server VM (25.77-b03 mixed mode linux-amd64 compressed oops)
# Failed to write core dump. Core dumps have been disabled. To enable core dumping, try "ulimit -c unlimited" before starting Java again
#

---------------  T H R E A D  ---------------

Current thread (0x00007f4af0078000):  VMThread [stack: 0x00007f4ade2d2000,0x00007f4ade3d3000] [id=9810]

Stack: [0x00007f4ade2d2000,0x00007f4ade3d3000],  sp=0x00007f4ade3d10e0,  free space=1020k
Native frames: (J=compiled Java code, j=interpreted, Vv=VM code, C=native code)
V  [libjvm.so+0xaba7ea]  VMError::report_and_die()+0x2ba
V  [libjvm.so+0x4f9e3b]  report_vm_out_of_memory(char const*, int, unsigned long, VMErrorType, char const*)+0x8b
V  [libjvm.so+0x91b613]  os::Linux::commit_memory_impl(char*, unsigned long, bool)+0x103
V  [libjvm.so+0x91bb69]  os::pd_commit_memory(char*, unsigned long, unsigned long, bool)+0x29
V  [libjvm.so+0x915e6a]  os::commit_memory(char*, unsigned long, unsigned long, bool)+0x2a
V  [libjvm.so+0x989543]  PSVirtualSpace::expand_by(unsigned long)+0x53
V  [libjvm.so+0x98a948]  PSYoungGen::resize_generation(unsigned long, unsigned long)+0xf8
V  [libjvm.so+0x989aa2]  PSYoungGen::resize(unsigned long, unsigned long)+0x22
V  [libjvm.so+0x986d7b]  PSScavenge::invoke_no_policy()+0xf3b
V  [libjvm.so+0x987501]  PSScavenge::invoke()+0x41
V  [libjvm.so+0x93f300]  ParallelScavengeHeap::failed_mem_allocate(unsigned long)+0x70
V  [libjvm.so+0xabc207]  VM_ParallelGCFailedAllocation::doit()+0x97
V  [libjvm.so+0xac3c35]  VM_Operation::evaluate()+0x55
V  [libjvm.so+0xac200a]  VMThread::evaluate_operation(VM_Operation*)+0xba
V  [libjvm.so+0xac238e]  VMThread::loop()+0x1ce
V  [libjvm.so+0xac2800]  VMThread::run()+0x70
V  [libjvm.so+0x91d9d8]  java_start(Thread*)+0x108

VM_Operation (0x00007f4af8a7f280): ParallelGCFailedAllocation, mode: safepoint, requested by thread 0x00007f4af000a000


---------------  P R O C E S S  ---------------

Java Threads: ( => current thread )
  0x00007f4af019b000 JavaThread "pool-1-thread-4" [_thread_blocked, id=9872, stack(0x00007f4adca74000,0x00007f4adcb75000)]
  0x00007f4af0194800 JavaThread "pool-1-thread-3" [_thread_blocked, id=9871, stack(0x00007f4adcb75000,0x00007f4adcc76000)]
  0x00007f4af018b800 JavaThread "pool-1-thread-2" [_thread_blocked, id=9863, stack(0x00007f4adcc76000,0x00007f4adcd77000)]
  0x00007f4af018a800 JavaThread "pool-2-thread-1" [_thread_blocked, id=9860, stack(0x00007f4adcd77000,0x00007f4adce78000)]
  0x00007f4af0188000 JavaThread "pool-1-thread-1" [_thread_blocked, id=9858, stack(0x00007f4adce78000,0x00007f4adcf79000)]
  0x00007f4af00c8800 JavaThread "Service Thread" daemon [_thread_blocked, id=9849, stack(0x00007f4add08e000,0x00007f4add18f000)]
  0x00007f4af00bd000 JavaThread "C1 CompilerThread2" daemon [_thread_blocked, id=9843, stack(0x00007f4add18f000,0x00007f4add290000)]
  0x00007f4af00bb800 JavaThread "C2 CompilerThread1" daemon [_thread_blocked, id=9839, stack(0x00007f4add290000,0x00007f4add391000)]
  0x00007f4af00b8800 JavaThread "C2 CompilerThread0" daemon [_thread_blocked, id=9838, stack(0x00007f4add391000,0x00007f4add492000)]
  0x00007f4af00b7000 JavaThread "Signal Dispatcher" daemon [_thread_blocked, id=9832, stack(0x00007f4add492000,0x00007f4add593000)]
  0x00007f4af0084000 JavaThread "Finalizer" daemon [_thread_blocked, id=9827, stack(0x00007f4ade0d0000,0x00007f4ade1d1000)]
  0x00007f4af007f800 JavaThread "Reference Handler" daemon [_thread_blocked, id=9814, stack(0x00007f4ade1d1000,0x00007f4ade2d2000)]
  0x00007f4af000a000 JavaThread "main" [_thread_blocked, id=9802, stack(0x00007f4af8981000,0x00007f4af8a82000)]

Other Threads:
=>0x00007f4af0078000 VMThread [stack: 0x00007f4ade2d2000,0x00007f4ade3d3000] [id=9810]
  0x00007f4af00cb000 WatcherThread [stack: 0x00007f4adcf8d000,0x00007f4add08e000] [id=9852]

VM state:at safepoint (normal execution)

VM Mutex/Monitor currently owned by a thread:  ([mutex/lock_event])
[0x00007f4af0006550] Threads_lock - owner thread: 0x00007f4af0078000
[0x00007f4af0006a50] Heap_lock - owner thread: 0x00007f4af000a000

Heap:
 PSYoungGen      total 132096K, used 5088K [0x00000000eab00000, 0x00000000f3100000, 0x0000000100000000)
  eden space 126976K, 0% used [0x00000000eab00000,0x00000000eab00000,0x00000000f2700000)
  from space 5120K, 99% used [0x00000000f2700000,0x00000000f2bf81f8,0x00000000f2c00000)
  to   space 5120K, 0% used [0x00000000f2c00000,0x00000000f2c00000,0x00000000f3100000)
 ParOldGen       total 84992K, used 42502K [0x00000000c0000000, 0x00000000c5300000, 0x00000000eab00000)
  object space 84992K, 50% used [0x00000000c0000000,0x00000000c2981ba0,0x00000000c5300000)
 Metaspace       used 6276K, capacity 7152K, committed 7296K, reserved 1056768K
  class space    used 591K, capacity 616K, committed 640K, reserved 1048576K

Card table byte_map: [0x00007f4af5549000,0x00007f4af574a000] byte_map_base: 0x00007f4af4f49000

Marking Bits: (ParMarkBitMap*) 0x00007f4af7e5f100
 Begin Bits: [0x00007f4adf000000, 0x00007f4ae0000000)
 End Bits:   [0x00007f4ae0000000, 0x00007f4ae1000000)

Polling page: 0x00007f4af8aa6000

CodeCache: size=245760Kb used=7210Kb max_used=7210Kb free=238549Kb
 bounds [0x00007f4ae1000000, 0x00007f4ae1720000, 0x00007f4af0000000]
 total_blobs=2190 nmethods=1921 adapters=182
 compilation: enabled

Compilation events (10 events):
Event: 10.664 Thread 0x00007f4af00bd000 nmethod 2090 0x00007f4ae170c9d0 code [0x00007f4ae170cbc0, 0x00007f4ae170d1a8]
Event: 10.664 Thread 0x00007f4af00bd000 2094       2       com.android.dx.rop.code.LocalItem::compareTo (32 bytes)
Event: 10.664 Thread 0x00007f4af00bd000 nmethod 2094 0x00007f4ae170d590 code [0x00007f4ae170d700, 0x00007f4ae170d978]
Event: 10.664 Thread 0x00007f4af00bd000 2095       2       com.android.dx.ssa.back.FirstFitLocalCombiningAllocator$1::processInsn (169 bytes)
Event: 10.666 Thread 0x00007f4af00bd000 nmethod 2095 0x00007f4ae170dad0 code [0x00007f4ae170dd40, 0x00007f4ae170e7e8]
Event: 10.667 Thread 0x00007f4af00bd000 2091       2       sun.util.calendar.BaseCalendar::getFixedDate (36 bytes)
Event: 10.667 Thread 0x00007f4af00bd000 nmethod 2091 0x00007f4ae170f3d0 code [0x00007f4ae170f560, 0x00007f4ae170f7c8]
Event: 10.667 Thread 0x00007f4af00bd000 2092       2       sun.util.calendar.BaseCalendar::normalizeMonth (117 bytes)
Event: 10.668 Thread 0x00007f4af00bd000 nmethod 2092 0x00007f4ae170f910 code [0x00007f4ae170faa0, 0x00007f4ae170fe68]
Event: 10.668 Thread 0x00007f4af00bd000 2093       2       sun.util.calendar.BaseCalendar::getFixedDate (324 bytes)

GC Heap History (9 events):
Event: 4.927 GC heap before
{Heap before GC invocations=1 (full 0):
 PSYoungGen      total 36864K, used 31744K [0x00000000eab00000, 0x00000000ed400000, 0x0000000100000000)
  eden space 31744K, 100% used [0x00000000eab00000,0x00000000eca00000,0x00000000eca00000)
  from space 5120K, 0% used [0x00000000ecf00000,0x00000000ecf00000,0x00000000ed400000)
  to   space 5120K, 0% used [0x00000000eca00000,0x00000000eca00000,0x00000000ecf00000)
 ParOldGen       total 84992K, used 0K [0x00000000c0000000, 0x00000000c5300000, 0x00000000eab00000)
  object space 84992K, 0% used [0x00000000c0000000,0x00000000c0000000,0x00000000c5300000)
 Metaspace       used 5721K, capacity 6768K, committed 7040K, reserved 1056768K
  class space    used 588K, capacity 616K, committed 640K, reserved 1048576K
Event: 4.997 GC heap after
Heap after GC invocations=1 (full 0):
 PSYoungGen      total 36864K, used 5114K [0x00000000eab00000, 0x00000000ef300000, 0x0000000100000000)
  eden space 31744K, 0% used [0x00000000eab00000,0x00000000eab00000,0x00000000eca00000)
  from space 5120K, 99% used [0x00000000eca00000,0x00000000ecefe870,0x00000000ecf00000)
  to   space 5120K, 0% used [0x00000000eee00000,0x00000000eee00000,0x00000000ef300000)
 ParOldGen       total 84992K, used 704K [0x00000000c0000000, 0x00000000c5300000, 0x00000000eab00000)
  object space 84992K, 0% used [0x00000000c0000000,0x00000000c00b0000,0x00000000c5300000)
 Metaspace       used 5721K, capacity 6768K, committed 7040K, reserved 1056768K
  class space    used 588K, capacity 616K, committed 640K, reserved 1048576K
}
Event: 6.450 GC heap before
{Heap before GC invocations=2 (full 0):
 PSYoungGen      total 36864K, used 36858K [0x00000000eab00000, 0x00000000ef300000, 0x0000000100000000)
  eden space 31744K, 100% used [0x00000000eab00000,0x00000000eca00000,0x00000000eca00000)
  from space 5120K, 99% used [0x00000000eca00000,0x00000000ecefe870,0x00000000ecf00000)
  to   space 5120K, 0% used [0x00000000eee00000,0x00000000eee00000,0x00000000ef300000)
 ParOldGen       total 84992K, used 704K [0x00000000c0000000, 0x00000000c5300000, 0x00000000eab00000)
  object space 84992K, 0% used [0x00000000c0000000,0x00000000c00b0000,0x00000000c5300000)
 Metaspace       used 5949K, capacity 6960K, committed 7040K, reserved 1056768K
  class space    used 589K, capacity 616K, committed 640K, reserved 1048576K
Event: 6.523 GC heap after
Heap after GC invocations=2 (full 0):
 PSYoungGen      total 68608K, used 5104K [0x00000000eab00000, 0x00000000ef300000, 0x0000000100000000)
  eden space 63488K, 0% used [0x00000000eab00000,0x00000000eab00000,0x00000000ee900000)
  from space 5120K, 99% used [0x00000000eee00000,0x00000000ef2fc138,0x00000000ef300000)
  to   space 5120K, 0% used [0x00000000ee900000,0x00000000ee900000,0x00000000eee00000)
 ParOldGen       total 84992K, used 4786K [0x00000000c0000000, 0x00000000c5300000, 0x00000000eab00000)
  object space 84992K, 5% used [0x00000000c0000000,0x00000000c04aca38,0x00000000c5300000)
 Metaspace       used 5949K, capacity 6960K, committed 7040K, reserved 1056768K
  class space    used 589K, capacity 616K, committed 640K, reserved 1048576K
}
Event: 7.590 GC heap before
{Heap before GC invocations=3 (full 0):
 PSYoungGen      total 68608K, used 68592K [0x00000000eab00000, 0x00000000ef300000, 0x0000000100000000)
  eden space 63488K, 100% used [0x00000000eab00000,0x00000000ee900000,0x00000000ee900000)
  from space 5120K, 99% used [0x00000000eee00000,0x00000000ef2fc138,0x00000000ef300000)
  to   space 5120K, 0% used [0x00000000ee900000,0x00000000ee900000,0x00000000eee00000)
 ParOldGen       total 84992K, used 4786K [0x00000000c0000000, 0x00000000c5300000, 0x00000000eab00000)
  object space 84992K, 5% used [0x00000000c0000000,0x00000000c04aca38,0x00000000c5300000)
 Metaspace       used 5995K, capacity 6960K, committed 7040K, reserved 1056768K
  class space    used 590K, capacity 616K, committed 640K, reserved 1048576K
Event: 7.680 GC heap after
Heap after GC invocations=3 (full 0):
 PSYoungGen      total 68608K, used 5088K [0x00000000eab00000, 0x00000000f3100000, 0x0000000100000000)
  eden space 63488K, 0% used [0x00000000eab00000,0x00000000eab00000,0x00000000ee900000)
  from space 5120K, 99% used [0x00000000ee900000,0x00000000eedf8148,0x00000000eee00000)
  to   space 5120K, 0% used [0x00000000f2c00000,0x00000000f2c00000,0x00000000f3100000)
 ParOldGen       total 84992K, used 14323K [0x00000000c0000000, 0x00000000c5300000, 0x00000000eab00000)
  object space 84992K, 16% used [0x00000000c0000000,0x00000000c0dfce30,0x00000000c5300000)
 Metaspace       used 5995K, capacity 6960K, committed 7040K, reserved 1056768K
  class space    used 590K, capacity 616K, committed 640K, reserved 1048576K
}
Event: 8.593 GC heap before
{Heap before GC invocations=4 (full 0):
 PSYoungGen      total 68608K, used 68576K [0x00000000eab00000, 0x00000000f3100000, 0x0000000100000000)
  eden space 63488K, 100% used [0x00000000eab00000,0x00000000ee900000,0x00000000ee900000)
  from space 5120K, 99% used [0x00000000ee900000,0x00000000eedf8148,0x00000000eee00000)
  to   space 5120K, 0% used [0x00000000f2c00000,0x00000000f2c00000,0x00000000f3100000)
 ParOldGen       total 84992K, used 14323K [0x00000000c0000000, 0x00000000c5300000, 0x00000000eab00000)
  object space 84992K, 16% used [0x00000000c0000000,0x00000000c0dfce30,0x00000000c5300000)
 Metaspace       used 6051K, capacity 7024K, committed 7296K, reserved 1056768K
  class space    used 591K, capacity 616K, committed 640K, reserved 1048576K
Event: 8.696 GC heap after
Heap after GC invocations=4 (full 0):
 PSYoungGen      total 132096K, used 5088K [0x00000000eab00000, 0x00000000f3100000, 0x0000000100000000)
  eden space 126976K, 0% used [0x00000000eab00000,0x00000000eab00000,0x00000000f2700000)
  from space 5120K, 99% used [0x00000000f2c00000,0x00000000f30f81f8,0x00000000f3100000)
  to   space 5120K, 0% used [0x00000000f2700000,0x00000000f2700000,0x00000000f2c00000)
 ParOldGen       total 84992K, used 23276K [0x00000000c0000000, 0x00000000c5300000, 0x00000000eab00000)
  object space 84992K, 27% used [0x00000000c0000000,0x00000000c16bb220,0x00000000c5300000)
 Metaspace       used 6051K, capacity 7024K, committed 7296K, reserved 1056768K
  class space    used 591K, capacity 616K, committed 640K, reserved 1048576K
}
Event: 10.677 GC heap before
{Heap before GC invocations=5 (full 0):
 PSYoungGen      total 132096K, used 132064K [0x00000000eab00000, 0x00000000f3100000, 0x0000000100000000)
  eden space 126976K, 100% used [0x00000000eab00000,0x00000000f2700000,0x00000000f2700000)
  from space 5120K, 99% used [0x00000000f2c00000,0x00000000f30f81f8,0x00000000f3100000)
  to   space 5120K, 0% used [0x00000000f2700000,0x00000000f2700000,0x00000000f2c00000)
 ParOldGen       total 84992K, used 23276K [0x00000000c0000000, 0x00000000c5300000, 0x00000000eab00000)
  object space 84992K, 27% used [0x00000000c0000000,0x00000000c16bb220,0x00000000c5300000)
 Metaspace       used 6276K, capacity 7152K, committed 7296K, reserved 1056768K
  class space    used 591K, capacity 616K, committed 640K, reserved 1048576K

Deoptimization events (10 events):
Event: 7.425 Thread 0x00007f4af018b800 Uncommon trap: reason=bimorphic action=maybe_recompile pc=0x00007f4ae121ccd0 method=java.util.HashMap.getNode(ILjava/lang/Object;)Ljava/util/HashMap$Node; @ 126
Event: 7.824 Thread 0x00007f4af019b000 Uncommon trap: reason=unstable_if action=reinterpret pc=0x00007f4ae12eb6b4 method=com.android.dx.rop.code.RegisterSpec.equals(ILcom/android/dx/rop/type/TypeBearer;Lcom/android/dx/rop/code/LocalItem;)Z @ 42
Event: 8.122 Thread 0x00007f4af018b800 Uncommon trap: reason=bimorphic action=maybe_recompile pc=0x00007f4ae1246e44 method=java.util.HashMap.getNode(ILjava/lang/Object;)Ljava/util/HashMap$Node; @ 126
Event: 8.228 Thread 0x00007f4af018b800 Uncommon trap: reason=unstable_if action=reinterpret pc=0x00007f4ae123a0dc method=com.android.dx.rop.cst.Constant.compareTo(Lcom/android/dx/rop/cst/Constant;)I @ 12
Event: 8.418 Thread 0x00007f4af000a000 Uncommon trap: reason=unstable_if action=reinterpret pc=0x00007f4ae1306b88 method=com.android.dx.rop.code.RegisterSpec.equals(ILcom/android/dx/rop/type/TypeBearer;Lcom/android/dx/rop/code/LocalItem;)Z @ 42
Event: 9.734 Thread 0x00007f4af0194800 Uncommon trap: reason=unstable_if action=reinterpret pc=0x00007f4ae13b7110 method=com.android.dx.dex.code.OutputFinisher.hasLocalInfo(Lcom/android/dx/dex/code/DalvInsn;)Z @ 24
Event: 9.906 Thread 0x00007f4af019b000 Uncommon trap: reason=unstable_if action=reinterpret pc=0x00007f4ae15e9f2c method=com.android.dx.ssa.SCCP.simulateBranch(Lcom/android/dx/ssa/SsaInsn;)V @ 64
Event: 9.911 Thread 0x00007f4af019b000 Uncommon trap: reason=unstable_if action=reinterpret pc=0x00007f4ae13c0c3c method=com.android.dx.ssa.SsaMethod.updateOneDefinition(Lcom/android/dx/ssa/SsaInsn;Lcom/android/dx/rop/code/RegisterSpec;)V @ 4
Event: 10.645 Thread 0x00007f4af0188000 Uncommon trap: reason=unstable_if action=reinterpret pc=0x00007f4ae13c6e00 method=com.android.dx.rop.code.LocalItem.compareHandlesNulls(Lcom/android/dx/rop/cst/CstString;Lcom/android/dx/rop/cst/CstString;)I @ 8
Event: 10.648 Thread 0x00007f4af0188000 Uncommon trap: reason=unstable_if action=reinterpret pc=0x00007f4ae166bb14 method=com.android.dx.rop.code.LocalItem.compareHandlesNulls(Lcom/android/dx/rop/cst/CstString;Lcom/android/dx/rop/cst/CstString;)I @ 8

Internal exceptions (6 events):
Event: 0.191 Thread 0x00007f4af000a000 Exception <a 'java/lang/NoSuchMethodError': Method sun.misc.Unsafe.defineClass(Ljava/lang/String;[BII)Ljava/lang/Class; name or signature does not match> (0x00000000eab07cc0) thrown at [/HUDSON/workspace/8-2-build-linux-amd64/jdk8u77/6540/hotspot/src/shar
Event: 0.192 Thread 0x00007f4af000a000 Exception <a 'java/lang/NoSuchMethodError': Method sun.misc.Unsafe.prefetchRead(Ljava/lang/Object;J)V name or signature does not match> (0x00000000eab07fa8) thrown at [/HUDSON/workspace/8-2-build-linux-amd64/jdk8u77/6540/hotspot/src/share/vm/prims/jni.cpp
Event: 6.035 Thread 0x00007f4af019b000 Implicit null exception at 0x00007f4ae137c822 to 0x00007f4ae137c913
Event: 6.111 Thread 0x00007f4af018b800 Implicit null exception at 0x00007f4ae12cd0ef to 0x00007f4ae12cf681
Event: 10.645 Thread 0x00007f4af0188000 Implicit null exception at 0x00007f4ae13c6c77 to 0x00007f4ae13c6ded
Event: 10.648 Thread 0x00007f4af0188000 Implicit null exception at 0x00007f4ae1669d4a to 0x00007f4ae166bae9

Events (10 events):
Event: 10.597 Thread 0x00007f4af019b000 DEOPT UNPACKING pc=0x00007f4ae1047633 sp=0x00007f4adcb72b90 mode 0
Event: 10.645 Thread 0x00007f4af0188000 Uncommon trap: trap_request=0xffffff65 fr.pc=0x00007f4ae13c6e00
Event: 10.645 Thread 0x00007f4af0188000 DEOPT PACKING pc=0x00007f4ae13c6e00 sp=0x00007f4adcf76cc0
Event: 10.645 Thread 0x00007f4af0188000 DEOPT UNPACKING pc=0x00007f4ae1005229 sp=0x00007f4adcf76c20 mode 2
Event: 10.648 Thread 0x00007f4af0188000 Uncommon trap: trap_request=0xffffff65 fr.pc=0x00007f4ae166bb14
Event: 10.648 Thread 0x00007f4af0188000 DEOPT PACKING pc=0x00007f4ae166bb14 sp=0x00007f4adcf76c90
Event: 10.648 Thread 0x00007f4af0188000 DEOPT UNPACKING pc=0x00007f4ae1005229 sp=0x00007f4adcf76a78 mode 2
Event: 10.650 Thread 0x00007f4af018b800 DEOPT PACKING pc=0x00007f4ae1273320 sp=0x00007f4adcd74bb0
Event: 10.650 Thread 0x00007f4af018b800 DEOPT UNPACKING pc=0x00007f4ae1047633 sp=0x00007f4adcd749b0 mode 0
Event: 10.673 Executing VM operation: ParallelGCFailedAllocation


Dynamic libraries:
00400000-00401000 r-xp 00000000 08:05 3677333                            /usr/lib/jvm/java-8-oracle/bin/java
00600000-00601000 rw-p 00000000 08:05 3677333                            /usr/lib/jvm/java-8-oracle/bin/java
007fa000-0081b000 rw-p 00000000 00:00 0                                  [heap]
c0000000-c5300000 rw-p 00000000 00:00 0 
c5300000-eab00000 ---p 00000000 00:00 0 
eab00000-f3100000 rw-p 00000000 00:00 0 
fd600000-100000000 ---p 00000000 00:00 0 
100000000-1000a0000 rw-p 00000000 00:00 0 
1000a0000-140000000 ---p 00000000 00:00 0 
7f4a90000000-7f4a90026000 rw-p 00000000 00:00 0 
7f4a90026000-7f4a94000000 ---p 00000000 00:00 0 
7f4a98000000-7f4a98034000 rw-p 00000000 00:00 0 
7f4a98034000-7f4a9c000000 ---p 00000000 00:00 0 
7f4a9c000000-7f4a9c021000 rw-p 00000000 00:00 0 
7f4a9c021000-7f4aa0000000 ---p 00000000 00:00 0 
7f4aa0000000-7f4aa003c000 rw-p 00000000 00:00 0 
7f4aa003c000-7f4aa4000000 ---p 00000000 00:00 0 
7f4aa4000000-7f4aa4021000 rw-p 00000000 00:00 0 
7f4aa4021000-7f4aa8000000 ---p 00000000 00:00 0 
7f4aa8000000-7f4aa8021000 rw-p 00000000 00:00 0 
7f4aa8021000-7f4aac000000 ---p 00000000 00:00 0 
7f4aac000000-7f4aac021000 rw-p 00000000 00:00 0 
7f4aac021000-7f4ab0000000 ---p 00000000 00:00 0 
7f4ab0000000-7f4ab052b000 rw-p 00000000 00:00 0 
7f4ab052b000-7f4ab4000000 ---p 00000000 00:00 0 
7f4ab4000000-7f4ab46d3000 rw-p 00000000 00:00 0 
7f4ab46d3000-7f4ab8000000 ---p 00000000 00:00 0 
7f4ab8000000-7f4ab8021000 rw-p 00000000 00:00 0 
7f4ab8021000-7f4abc000000 ---p 00000000 00:00 0 
7f4abc000000-7f4abc5b0000 rw-p 00000000 00:00 0 
7f4abc5b0000-7f4ac0000000 ---p 00000000 00:00 0 
7f4ac0000000-7f4ac0021000 rw-p 00000000 00:00 0 
7f4ac0021000-7f4ac4000000 ---p 00000000 00:00 0 
7f4ac4000000-7f4ac4021000 rw-p 00000000 00:00 0 
7f4ac4021000-7f4ac8000000 ---p 00000000 00:00 0 
7f4ac8000000-7f4ac8021000 rw-p 00000000 00:00 0 
7f4ac8021000-7f4acc000000 ---p 00000000 00:00 0 
7f4acc000000-7f4acc294000 rw-p 00000000 00:00 0 
7f4acc294000-7f4ad0000000 ---p 00000000 00:00 0 
7f4ad0000000-7f4ad0021000 rw-p 00000000 00:00 0 
7f4ad0021000-7f4ad4000000 ---p 00000000 00:00 0 
7f4ad4000000-7f4ad4021000 rw-p 00000000 00:00 0 
7f4ad4021000-7f4ad8000000 ---p 00000000 00:00 0 
7f4ad8000000-7f4ad8021000 rw-p 00000000 00:00 0 
7f4ad8021000-7f4adc000000 ---p 00000000 00:00 0 
7f4adca74000-7f4adca77000 ---p 00000000 00:00 0 
7f4adca77000-7f4adcb75000 rw-p 00000000 00:00 0                          [stack:9872]
7f4adcb75000-7f4adcb78000 ---p 00000000 00:00 0 
7f4adcb78000-7f4adcc76000 rw-p 00000000 00:00 0                          [stack:9871]
7f4adcc76000-7f4adcc79000 ---p 00000000 00:00 0 
7f4adcc79000-7f4adcd77000 rw-p 00000000 00:00 0                          [stack:9863]
7f4adcd77000-7f4adcd7a000 ---p 00000000 00:00 0 
7f4adcd7a000-7f4adce78000 rw-p 00000000 00:00 0                          [stack:9860]
7f4adce78000-7f4adce7b000 ---p 00000000 00:00 0 
7f4adce7b000-7f4adcf79000 rw-p 00000000 00:00 0                          [stack:9858]
7f4adcf79000-7f4adcf8d000 r--s 000cb000 08:05 1843958                    /home/quan_bui/.gradle/caches/modules-2/files-2.1/io.reactivex/rxjava/1.0.17/1a653d18a3e41fae66a473d172649a0625cff107/rxjava-1.0.17.jar
7f4adcf8d000-7f4adcf8e000 ---p 00000000 00:00 0 
7f4adcf8e000-7f4add08e000 rw-p 00000000 00:00 0                          [stack:9852]
7f4add08e000-7f4add091000 ---p 00000000 00:00 0 
7f4add091000-7f4add18f000 rw-p 00000000 00:00 0                          [stack:9849]
7f4add18f000-7f4add192000 ---p 00000000 00:00 0 
7f4add192000-7f4add290000 rw-p 00000000 00:00 0                          [stack:9843]
7f4add290000-7f4add293000 ---p 00000000 00:00 0 
7f4add293000-7f4add391000 rw-p 00000000 00:00 0                          [stack:9839]
7f4add391000-7f4add394000 ---p 00000000 00:00 0 
7f4add394000-7f4add492000 rw-p 00000000 00:00 0                          [stack:9838]
7f4add492000-7f4add495000 ---p 00000000 00:00 0 
7f4add495000-7f4add593000 rw-p 00000000 00:00 0                          [stack:9832]
7f4add593000-7f4ade0d0000 r--p 00000000 08:05 1053417                    /usr/lib/locale/locale-archive
7f4ade0d0000-7f4ade0d3000 ---p 00000000 00:00 0 
7f4ade0d3000-7f4ade1d1000 rw-p 00000000 00:00 0                          [stack:9827]
7f4ade1d1000-7f4ade1d4000 ---p 00000000 00:00 0 
7f4ade1d4000-7f4ade2d2000 rw-p 00000000 00:00 0                          [stack:9814]
7f4ade2d2000-7f4ade2d3000 ---p 00000000 00:00 0 
7f4ade2d3000-7f4ae1000000 rw-p 00000000 00:00 0                          [stack:9810]
7f4ae1000000-7f4ae1720000 rwxp 00000000 00:00 0 
7f4ae1720000-7f4af0000000 ---p 00000000 00:00 0 
7f4af0000000-7f4af03b4000 rw-p 00000000 00:00 0 
7f4af03b4000-7f4af4000000 ---p 00000000 00:00 0 
7f4af400b000-7f4af401a000 r--s 000df000 08:05 3418413                    /home/quan_bui/Applications/android-sdk-linux/build-tools/23.0.2/lib/dx.jar
7f4af401a000-7f4af43a1000 rw-p 00000000 00:00 0 
7f4af43a1000-7f4af4579000 r--s 03d1e000 08:05 3540957                    /usr/lib/jvm/java-8-oracle/jre/lib/rt.jar
7f4af4579000-7f4af4c6f000 rw-p 00000000 00:00 0 
7f4af4c6f000-7f4af4def000 ---p 00000000 00:00 0 
7f4af4def000-7f4af4fef000 rw-p 00000000 00:00 0 
7f4af4fef000-7f4af4ff0000 ---p 00000000 00:00 0 
7f4af4ff0000-7f4af50f0000 rw-p 00000000 00:00 0                          [stack:9808]
7f4af50f0000-7f4af50f1000 ---p 00000000 00:00 0 
7f4af50f1000-7f4af51f1000 rw-p 00000000 00:00 0                          [stack:9807]
7f4af51f1000-7f4af51f2000 ---p 00000000 00:00 0 
7f4af51f2000-7f4af52f2000 rw-p 00000000 00:00 0                          [stack:9806]
7f4af52f2000-7f4af52f3000 ---p 00000000 00:00 0 
7f4af52f3000-7f4af541d000 rw-p 00000000 00:00 0                          [stack:9805]
7f4af541d000-7f4af5549000 ---p 00000000 00:00 0 
7f4af5549000-7f4af5573000 rw-p 00000000 00:00 0 
7f4af5573000-7f4af569e000 ---p 00000000 00:00 0 
7f4af569e000-7f4af56e2000 rw-p 00000000 00:00 0 
7f4af56e2000-7f4af5749000 ---p 00000000 00:00 0 
7f4af5749000-7f4af5767000 rw-p 00000000 00:00 0 
7f4af5767000-7f4af5b0a000 ---p 00000000 00:00 0 
7f4af5b0a000-7f4af5b24000 r-xp 00000000 08:05 3541247                    /usr/lib/jvm/java-8-oracle/jre/lib/amd64/libzip.so
7f4af5b24000-7f4af5d24000 ---p 0001a000 08:05 3541247                    /usr/lib/jvm/java-8-oracle/jre/lib/amd64/libzip.so
7f4af5d24000-7f4af5d25000 rw-p 0001a000 08:05 3541247                    /usr/lib/jvm/java-8-oracle/jre/lib/amd64/libzip.so
7f4af5d25000-7f4af5d30000 r-xp 00000000 08:05 1577313                    /lib/x86_64-linux-gnu/libnss_files-2.19.so
7f4af5d30000-7f4af5f2f000 ---p 0000b000 08:05 1577313                    /lib/x86_64-linux-gnu/libnss_files-2.19.so
7f4af5f2f000-7f4af5f30000 r--p 0000a000 08:05 1577313                    /lib/x86_64-linux-gnu/libnss_files-2.19.so
7f4af5f30000-7f4af5f31000 rw-p 0000b000 08:05 1577313                    /lib/x86_64-linux-gnu/libnss_files-2.19.so
7f4af5f31000-7f4af5f3c000 r-xp 00000000 08:05 1577323                    /lib/x86_64-linux-gnu/libnss_nis-2.19.so
7f4af5f3c000-7f4af613b000 ---p 0000b000 08:05 1577323                    /lib/x86_64-linux-gnu/libnss_nis-2.19.so
7f4af613b000-7f4af613c000 r--p 0000a000 08:05 1577323                    /lib/x86_64-linux-gnu/libnss_nis-2.19.so
7f4af613c000-7f4af613d000 rw-p 0000b000 08:05 1577323                    /lib/x86_64-linux-gnu/libnss_nis-2.19.so
7f4af613d000-7f4af6154000 r-xp 00000000 08:05 1577307                    /lib/x86_64-linux-gnu/libnsl-2.19.so
7f4af6154000-7f4af6353000 ---p 00017000 08:05 1577307                    /lib/x86_64-linux-gnu/libnsl-2.19.so
7f4af6353000-7f4af6354000 r--p 00016000 08:05 1577307                    /lib/x86_64-linux-gnu/libnsl-2.19.so
7f4af6354000-7f4af6355000 rw-p 00017000 08:05 1577307                    /lib/x86_64-linux-gnu/libnsl-2.19.so
7f4af6355000-7f4af6357000 rw-p 00000000 00:00 0 
7f4af6357000-7f4af6360000 r-xp 00000000 08:05 1577309                    /lib/x86_64-linux-gnu/libnss_compat-2.19.so
7f4af6360000-7f4af655f000 ---p 00009000 08:05 1577309                    /lib/x86_64-linux-gnu/libnss_compat-2.19.so
7f4af655f000-7f4af6560000 r--p 00008000 08:05 1577309                    /lib/x86_64-linux-gnu/libnss_compat-2.19.so
7f4af6560000-7f4af6561000 rw-p 00009000 08:05 1577309                    /lib/x86_64-linux-gnu/libnss_compat-2.19.so
7f4af6561000-7f4af658b000 r-xp 00000000 08:05 3541237                    /usr/lib/jvm/java-8-oracle/jre/lib/amd64/libjava.so
7f4af658b000-7f4af678b000 ---p 0002a000 08:05 3541237                    /usr/lib/jvm/java-8-oracle/jre/lib/amd64/libjava.so
7f4af678b000-7f4af678d000 rw-p 0002a000 08:05 3541237                    /usr/lib/jvm/java-8-oracle/jre/lib/amd64/libjava.so
7f4af678d000-7f4af679a000 r-xp 00000000 08:05 3541227                    /usr/lib/jvm/java-8-oracle/jre/lib/amd64/libverify.so
7f4af679a000-7f4af699a000 ---p 0000d000 08:05 3541227                    /usr/lib/jvm/java-8-oracle/jre/lib/amd64/libverify.so
7f4af699a000-7f4af699c000 rw-p 0000d000 08:05 3541227                    /usr/lib/jvm/java-8-oracle/jre/lib/amd64/libverify.so
7f4af699c000-7f4af69a3000 r-xp 00000000 08:05 1577366                    /lib/x86_64-linux-gnu/librt-2.19.so
7f4af69a3000-7f4af6ba2000 ---p 00007000 08:05 1577366                    /lib/x86_64-linux-gnu/librt-2.19.so
7f4af6ba2000-7f4af6ba3000 r--p 00006000 08:05 1577366                    /lib/x86_64-linux-gnu/librt-2.19.so
7f4af6ba3000-7f4af6ba4000 rw-p 00007000 08:05 1577366                    /lib/x86_64-linux-gnu/librt-2.19.so
7f4af6ba4000-7f4af6ca9000 r-xp 00000000 08:05 1577288                    /lib/x86_64-linux-gnu/libm-2.19.so
7f4af6ca9000-7f4af6ea8000 ---p 00105000 08:05 1577288                    /lib/x86_64-linux-gnu/libm-2.19.so
7f4af6ea8000-7f4af6ea9000 r--p 00104000 08:05 1577288                    /lib/x86_64-linux-gnu/libm-2.19.so
7f4af6ea9000-7f4af6eaa000 rw-p 00105000 08:05 1577288                    /lib/x86_64-linux-gnu/libm-2.19.so
7f4af6eaa000-7f4af7b69000 r-xp 00000000 08:05 3541242                    /usr/lib/jvm/java-8-oracle/jre/lib/amd64/server/libjvm.so
7f4af7b69000-7f4af7d68000 ---p 00cbf000 08:05 3541242                    /usr/lib/jvm/java-8-oracle/jre/lib/amd64/server/libjvm.so
7f4af7d68000-7f4af7e41000 rw-p 00cbe000 08:05 3541242                    /usr/lib/jvm/java-8-oracle/jre/lib/amd64/server/libjvm.so
7f4af7e41000-7f4af7e8a000 rw-p 00000000 00:00 0 
7f4af7e8a000-7f4af8045000 r-xp 00000000 08:05 1577238                    /lib/x86_64-linux-gnu/libc-2.19.so
7f4af8045000-7f4af8244000 ---p 001bb000 08:05 1577238                    /lib/x86_64-linux-gnu/libc-2.19.so
7f4af8244000-7f4af8248000 r--p 001ba000 08:05 1577238                    /lib/x86_64-linux-gnu/libc-2.19.so
7f4af8248000-7f4af824a000 rw-p 001be000 08:05 1577238                    /lib/x86_64-linux-gnu/libc-2.19.so
7f4af824a000-7f4af824f000 rw-p 00000000 00:00 0 
7f4af824f000-7f4af8252000 r-xp 00000000 08:05 1577255                    /lib/x86_64-linux-gnu/libdl-2.19.so
7f4af8252000-7f4af8451000 ---p 00003000 08:05 1577255                    /lib/x86_64-linux-gnu/libdl-2.19.so
7f4af8451000-7f4af8452000 r--p 00002000 08:05 1577255                    /lib/x86_64-linux-gnu/libdl-2.19.so
7f4af8452000-7f4af8453000 rw-p 00003000 08:05 1577255                    /lib/x86_64-linux-gnu/libdl-2.19.so
7f4af8453000-7f4af8468000 r-xp 00000000 08:05 3546457                    /usr/lib/jvm/java-8-oracle/lib/amd64/jli/libjli.so
7f4af8468000-7f4af8668000 ---p 00015000 08:05 3546457                    /usr/lib/jvm/java-8-oracle/lib/amd64/jli/libjli.so
7f4af8668000-7f4af8669000 rw-p 00015000 08:05 3546457                    /usr/lib/jvm/java-8-oracle/lib/amd64/jli/libjli.so
7f4af8669000-7f4af8682000 r-xp 00000000 08:05 1577358                    /lib/x86_64-linux-gnu/libpthread-2.19.so
7f4af8682000-7f4af8881000 ---p 00019000 08:05 1577358                    /lib/x86_64-linux-gnu/libpthread-2.19.so
7f4af8881000-7f4af8882000 r--p 00018000 08:05 1577358                    /lib/x86_64-linux-gnu/libpthread-2.19.so
7f4af8882000-7f4af8883000 rw-p 00019000 08:05 1577358                    /lib/x86_64-linux-gnu/libpthread-2.19.so
7f4af8883000-7f4af8887000 rw-p 00000000 00:00 0 
7f4af8887000-7f4af88aa000 r-xp 00000000 08:05 1577214                    /lib/x86_64-linux-gnu/ld-2.19.so
7f4af88af000-7f4af8981000 rw-p 00000000 00:00 0 
7f4af8981000-7f4af8984000 ---p 00000000 00:00 0 
7f4af8984000-7f4af8a86000 rw-p 00000000 00:00 0                          [stack:9802]
7f4af8a88000-7f4af8a9d000 rw-p 00000000 00:00 0 
7f4af8a9d000-7f4af8aa5000 rw-s 00000000 08:05 1844501                    /tmp/hsperfdata_quan_bui/9800
7f4af8aa5000-7f4af8aa6000 rw-p 00000000 00:00 0 
7f4af8aa6000-7f4af8aa7000 ---p 00000000 00:00 0 
7f4af8aa7000-7f4af8aa9000 rw-p 00000000 00:00 0 
7f4af8aa9000-7f4af8aaa000 r--p 00022000 08:05 1577214                    /lib/x86_64-linux-gnu/ld-2.19.so
7f4af8aaa000-7f4af8aab000 rw-p 00023000 08:05 1577214                    /lib/x86_64-linux-gnu/ld-2.19.so
7f4af8aab000-7f4af8aac000 rw-p 00000000 00:00 0 
7ffeff1e1000-7ffeff202000 rw-p 00000000 00:00 0                          [stack]
7ffeff256000-7ffeff258000 r--p 00000000 00:00 0                          [vvar]
7ffeff258000-7ffeff25a000 r-xp 00000000 00:00 0                          [vdso]
ffffffffff600000-ffffffffff601000 r-xp 00000000 00:00 0                  [vsyscall]

VM Arguments:
jvm_args: -Djava.awt.headless=true -Xmx1024M -Dfile.encoding=UTF-8 -Duser.country=US -Duser.language=en -Duser.variant 
java_command: com.android.dx.command.Main --dex --force-jumbo --num-threads=4 --output /home/quan_bui/Workspace/Study/SimpleReactive/app/build/intermediates/pre-dexed/debug/rxjava-1.0.17_a7d720c0294a42f3b1b8c8ce302861dbc1e3a008.jar /home/quan_bui/.gradle/caches/modules-2/files-2.1/io.reactivex/rxjava/1.0.17/1a653d18a3e41fae66a473d172649a0625cff107/rxjava-1.0.17.jar
java_class_path (initial): /home/quan_bui/Applications/android-sdk-linux/build-tools/23.0.2/lib/dx.jar
Launcher Type: SUN_STANDARD

Environment Variables:
JAVA_HOME=/usr/lib/jvm/java-8-oracle
PATH=/usr/local/sbin:/usr/local/bin:/usr/sbin:/usr/bin:/sbin:/bin:/usr/games:/usr/local/games:/usr/lib/jvm/java-8-oracle/bin:/usr/lib/jvm/java-8-oracle/db/bin:/usr/lib/jvm/java-8-oracle/jre/bin
LD_LIBRARY_PATH=/home/quan_bui/Applications/android-studio/bin:
SHELL=/usr/bin/zsh
DISPLAY=:0.0

Signal Handlers:
SIGSEGV: [libjvm.so+0xabb070], sa_mask[0]=11111111011111111101111111111110, sa_flags=SA_RESTART|SA_SIGINFO
SIGBUS: [libjvm.so+0xabb070], sa_mask[0]=11111111011111111101111111111110, sa_flags=SA_RESTART|SA_SIGINFO
SIGFPE: [libjvm.so+0x918480], sa_mask[0]=11111111011111111101111111111110, sa_flags=SA_RESTART|SA_SIGINFO
SIGPIPE: [libjvm.so+0x918480], sa_mask[0]=11111111011111111101111111111110, sa_flags=SA_RESTART|SA_SIGINFO
SIGXFSZ: [libjvm.so+0x918480], sa_mask[0]=11111111011111111101111111111110, sa_flags=SA_RESTART|SA_SIGINFO
SIGILL: [libjvm.so+0x918480], sa_mask[0]=11111111011111111101111111111110, sa_flags=SA_RESTART|SA_SIGINFO
SIGUSR1: SIG_DFL, sa_mask[0]=00000000000000000000000000000000, sa_flags=none
SIGUSR2: [libjvm.so+0x919ab0], sa_mask[0]=00100000000000000000000000000000, sa_flags=SA_RESTART|SA_SIGINFO
SIGHUP: [libjvm.so+0x91aeb0], sa_mask[0]=11111111011111111101111111111110, sa_flags=SA_RESTART|SA_SIGINFO
SIGINT: [libjvm.so+0x91aeb0], sa_mask[0]=11111111011111111101111111111110, sa_flags=SA_RESTART|SA_SIGINFO
SIGTERM: [libjvm.so+0x91aeb0], sa_mask[0]=11111111011111111101111111111110, sa_flags=SA_RESTART|SA_SIGINFO
SIGQUIT: [libjvm.so+0x91aeb0], sa_mask[0]=11111111011111111101111111111110, sa_flags=SA_RESTART|SA_SIGINFO


---------------  S Y S T E M  ---------------

OS:DISTRIB_ID=Ubuntu
DISTRIB_RELEASE=14.04
DISTRIB_CODENAME=trusty
DISTRIB_DESCRIPTION="Ubuntu 14.04.4 LTS"

uname:Linux 4.2.0-35-generic #40~14.04.1-Ubuntu SMP Fri Mar 18 16:37:35 UTC 2016 x86_64
libc:glibc 2.19 NPTL 2.19 
rlimit: STACK 8192k, CORE 0k, NPROC 31383, NOFILE 4096, AS infinity
load average:51.10 16.20 6.27

/proc/meminfo:
MemTotal:        8055560 kB
MemFree:          230640 kB
MemAvailable:     329904 kB
Buffers:            2412 kB
Cached:          2480304 kB
SwapCached:            0 kB
Active:          4661668 kB
Inactive:        2398896 kB
Active(anon):    4649524 kB
Inactive(anon):  2318080 kB
Active(file):      12144 kB
Inactive(file):    80816 kB
Unevictable:          32 kB
Mlocked:              32 kB
SwapTotal:             0 kB
SwapFree:              0 kB
Dirty:               224 kB
Writeback:             0 kB
AnonPages:       4577920 kB
Mapped:          1048852 kB
Shmem:           2389736 kB
Slab:              93120 kB
SReclaimable:      48544 kB
SUnreclaim:        44576 kB
KernelStack:       13360 kB
PageTables:        51524 kB
NFS_Unstable:          0 kB
Bounce:                0 kB
WritebackTmp:          0 kB
CommitLimit:     4027780 kB
Committed_AS:   11595212 kB
VmallocTotal:   34359738367 kB
VmallocUsed:      357524 kB
VmallocChunk:   34358947836 kB
HardwareCorrupted:     0 kB
AnonHugePages:   2260992 kB
CmaTotal:              0 kB
CmaFree:               0 kB
HugePages_Total:       0
HugePages_Free:        0
HugePages_Rsvd:        0
HugePages_Surp:        0
Hugepagesize:       2048 kB
DirectMap4k:      163456 kB
DirectMap2M:     8105984 kB


CPU:total 4 (2 cores per cpu, 2 threads per core) family 6 model 42 stepping 7, cmov, cx8, fxsr, mmx, sse, sse2, sse3, ssse3, sse4.1, sse4.2, popcnt, avx, aes, clmul, ht, tsc, tscinvbit

/proc/cpuinfo:
processor	: 0
vendor_id	: GenuineIntel
cpu family	: 6
model		: 42
model name	: Intel(R) Core(TM) i5-2520M CPU @ 2.50GHz
stepping	: 7
microcode	: 0x29
cpu MHz		: 1216.210
cache size	: 3072 KB
physical id	: 0
siblings	: 4
core id		: 0
cpu cores	: 2
apicid		: 0
initial apicid	: 0
fpu		: yes
fpu_exception	: yes
cpuid level	: 13
wp		: yes
flags		: fpu vme de pse tsc msr pae mce cx8 apic sep mtrr pge mca cmov pat pse36 clflush dts acpi mmx fxsr sse sse2 ss ht tm pbe syscall nx rdtscp lm constant_tsc arch_perfmon pebs bts nopl xtopology nonstop_tsc aperfmperf eagerfpu pni pclmulqdq dtes64 monitor ds_cpl vmx smx est tm2 ssse3 cx16 xtpr pdcm pcid sse4_1 sse4_2 x2apic popcnt tsc_deadline_timer aes xsave avx lahf_lm ida arat epb pln pts dtherm tpr_shadow vnmi flexpriority ept vpid xsaveopt
bugs		:
bogomips	: 4983.69
clflush size	: 64
cache_alignment	: 64
address sizes	: 36 bits physical, 48 bits virtual
power management:

processor	: 1
vendor_id	: GenuineIntel
cpu family	: 6
model		: 42
model name	: Intel(R) Core(TM) i5-2520M CPU @ 2.50GHz
stepping	: 7
microcode	: 0x29
cpu MHz		: 1051.562
cache size	: 3072 KB
physical id	: 0
siblings	: 4
core id		: 0
cpu cores	: 2
apicid		: 1
initial apicid	: 1
fpu		: yes
fpu_exception	: yes
cpuid level	: 13
wp		: yes
flags		: fpu vme de pse tsc msr pae mce cx8 apic sep mtrr pge mca cmov pat pse36 clflush dts acpi mmx fxsr sse sse2 ss ht tm pbe syscall nx rdtscp lm constant_tsc arch_perfmon pebs bts nopl xtopology nonstop_tsc aperfmperf eagerfpu pni pclmulqdq dtes64 monitor ds_cpl vmx smx est tm2 ssse3 cx16 xtpr pdcm pcid sse4_1 sse4_2 x2apic popcnt tsc_deadline_timer aes xsave avx lahf_lm ida arat epb pln pts dtherm tpr_shadow vnmi flexpriority ept vpid xsaveopt
bugs		:
bogomips	: 4983.69
clflush size	: 64
cache_alignment	: 64
address sizes	: 36 bits physical, 48 bits virtual
power management:

processor	: 2
vendor_id	: GenuineIntel
cpu family	: 6
model		: 42
model name	: Intel(R) Core(TM) i5-2520M CPU @ 2.50GHz
stepping	: 7
microcode	: 0x29
cpu MHz		: 1114.160
cache size	: 3072 KB
physical id	: 0
siblings	: 4
core id		: 1
cpu cores	: 2
apicid		: 2
initial apicid	: 2
fpu		: yes
fpu_exception	: yes
cpuid level	: 13
wp		: yes
flags		: fpu vme de pse tsc msr pae mce cx8 apic sep mtrr pge mca cmov pat pse36 clflush dts acpi mmx fxsr sse sse2 ss ht tm pbe syscall nx rdtscp lm constant_tsc arch_perfmon pebs bts nopl xtopology nonstop_tsc aperfmperf eagerfpu pni pclmulqdq dtes64 monitor ds_cpl vmx smx est tm2 ssse3 cx16 xtpr pdcm pcid sse4_1 sse4_2 x2apic popcnt tsc_deadline_timer aes xsave avx lahf_lm ida arat epb pln pts dtherm tpr_shadow vnmi flexpriority ept vpid xsaveopt
bugs		:
bogomips	: 4983.69
clflush size	: 64
cache_alignment	: 64
address sizes	: 36 bits physical, 48 bits virtual
power management:

processor	: 3
vendor_id	: GenuineIntel
cpu family	: 6
model		: 42
model name	: Intel(R) Core(TM) i5-2520M CPU @ 2.50GHz
stepping	: 7
microcode	: 0x29
cpu MHz		: 1166.210
cache size	: 3072 KB
physical id	: 0
siblings	: 4
core id		: 1
cpu cores	: 2
apicid		: 3
initial apicid	: 3
fpu		: yes
fpu_exception	: yes
cpuid level	: 13
wp		: yes
flags		: fpu vme de pse tsc msr pae mce cx8 apic sep mtrr pge mca cmov pat pse36 clflush dts acpi mmx fxsr sse sse2 ss ht tm pbe syscall nx rdtscp lm constant_tsc arch_perfmon pebs bts nopl xtopology nonstop_tsc aperfmperf eagerfpu pni pclmulqdq dtes64 monitor ds_cpl vmx smx est tm2 ssse3 cx16 xtpr pdcm pcid sse4_1 sse4_2 x2apic popcnt tsc_deadline_timer aes xsave avx lahf_lm ida arat epb pln pts dtherm tpr_shadow vnmi flexpriority ept vpid xsaveopt
bugs		:
bogomips	: 4983.69
clflush size	: 64
cache_alignment	: 64
address sizes	: 36 bits physical, 48 bits virtual
power management:



Memory: 4k page, physical 8055560k(230640k free), swap 0k(0k free)

vm_info: Java HotSpot(TM) 64-Bit Server VM (25.77-b03) for linux-amd64 JRE (1.8.0_77-b03), built on Mar 20 2016 22:00:46 by "java_re" with gcc 4.3.0 20080428 (Red Hat 4.3.0-8)

time: Tue Apr 12 11:49:06 2016
elapsed time: 74 seconds (0d 0h 1m 14s)

